

HI-TECH Software Macro Assembler (PIC18) V9.65 build 7190 
                                                       Sun May 20 18:53:16 2012


     1                           
     2                           	; HI-TECH C PRO for the PIC18 MCU Family V9.65
     3                           	; Copyright (C) 1984-2010 HI-TECH Software
     4                           	;Serial no. HCPIC18P-36668
     5                           
     6                           	; Auto-generated runtime startup code for final
                                  link stage.
     7                           
     8                           	;
     9                           	; Compiler options:
    10                           	;
    11                           	; -oLED.cof -mLED.map --summary=default --outpu
                                 t=default code.p1 \
    12                           	; --chip=18F452 -P --runtime=default --opt=defa
                                 ult -D__DEBUG=1 -g \
    13                           	; --asmlist --errformat=Error   [%n] %f; %l.%c 
                                 %s \
    14                           	; --msgformat=Advisory[%n] %s --warnformat=Warn
                                 ing [%n] %f; %l.%c %s
    15                           	;
    16                           
    17                           
    18                           	GLOBAL	_main,start,_exit
    19                           	FNROOT	_main
    20                           
    21  000000                     	pic18cxx	equ	1
    22                           
    23                           	psect	config,class=CONFIG,delta=1
    24                           	psect	idloc,class=IDLOC,delta=1
    25                           	psect	eeprom_data,class=EEDATA,delta=1
    26                           	psect	const,class=CODE,delta=1,reloc=2
    27                           	psect	smallconst,class=SMALLCONST,delta=1,reloc
                                 =2
    28                           	psect	mediumconst,class=MEDIUMCONST,delta=1,rel
                                 oc=2
    29                           	psect	rbss,class=COMRAM,space=1
    30                           	psect	bss,class=RAM,space=1
    31                           	psect	rdata,class=COMRAM,space=1
    32                           	psect	irdata,class=CODE,space=0,reloc=2
    33                           	psect	bss,class=RAM,space=1
    34                           	psect	data,class=RAM,space=1
    35                           	psect	idata,class=CODE,space=0,reloc=2
    36                           	psect	nvram,class=NVRAM,space=1
    37                           	psect	nvrram,class=COMRAM,space=1
    38                           	psect	nvbit,class=COMRAM,bit,space=1
    39                           	psect	temp,ovrld,class=COMRAM,space=1
    40                           	psect	struct,ovrld,class=COMRAM,space=1
    41                           	psect	rbit,class=COMRAM,bit,space=1
    42                           	psect	bigbss,class=BIGRAM,space=1
    43                           	psect	bigdata,class=BIGRAM,space=1
    44                           	psect	ibigdata,class=CODE,space=0,reloc=2
    45                           	psect	farbss,class=FARRAM,space=0,reloc=2,delta
                                 =1
    46                           	psect	fardata,class=FARRAM,space=0,reloc=2,delt
                                 a=1
    47                           	psect	ifardata,class=CODE,space=0,reloc=2,delta
                                 =1
    48                           
    49                           	psect	reset_vec,class=CODE,delta=1,reloc=2
    50                           	psect	powerup,class=CODE,delta=1,reloc=2
    51                           	psect	intcode,class=CODE,delta=1,reloc=2
    52                           	psect	intcodelo,class=CODE,delta=1,reloc=2
    53                           	psect	intret,class=CODE,delta=1,reloc=2
    54                           	psect	intentry,class=CODE,delta=1,reloc=2
    55                           
    56                           	psect	intsave_regs,class=BIGRAM,space=1
    57                           	psect	init,class=CODE,delta=1,reloc=2
    58                           	psect	text,class=CODE,delta=1,reloc=2
    59                           GLOBAL	intlevel0,intlevel1,intlevel2
    60  000008                     intlevel0:
    61  000008                     intlevel1:
    62  000008                     intlevel2:
    63                           GLOBAL	intlevel3
    64  000008                     intlevel3:
    65                           	psect	end_init,class=CODE,delta=1,reloc=2
    66                           	psect	clrtext,class=CODE,delta=1,reloc=2
    67                           
    68                           
    69                           ; User config settings for word 1
    70                           ;
    71                           	psect config
    72  300000                     	org 0
    73  300000  FEFF               	dw 0xFEFF
    74                           
    75                           ; User config settings for word 2
    76                           ;
    77                           	psect config
    78  300002                     	org 2
    79  300002  FEFD               	dw 0xFEFD
    80                           
    81                           ; User config settings for word 3
    82                           ;
    83                           	psect config
    84  300004                     	org 4
    85  300004  FFFF               	dw 0xFFFF
    86                           
    87                           ; User config settings for word 4
    88                           ;
    89                           	psect config
    90  300006                     	org 6
    91  300006  FF7F               	dw 0xFF7F
    92                           
    93                           ; User config settings for word 5
    94                           ;
    95                           	psect config
    96  300008                     	org 8
    97  300008  FFFF               	dw 0xFFFF
    98                           
    99                           ; User config settings for word 6
   100                           ;
   101                           	psect config
   102  30000A                     	org 10
   103  30000A  FFFF               	dw 0xFFFF
   104                           
   105                           ; User config settings for word 7
   106                           ;
   107                           	psect config
   108  30000C                     	org 12
   109  30000C  FFFF               	dw 0xFFFF
   110                           	psect	rparam,class=COMRAM,space=1
   111                           	psect	param0,class=BANK0,space=1
   112                           	psect	param1,class=BANK1,space=1
   113                           	psect	param2,class=BANK2,space=1
   114                           	psect	param3,class=BANK3,space=1
   115                           	psect	param4,class=BANK4,space=1
   116                           	psect	param5,class=BANK5,space=1
   117  000000                     wreg	EQU	0FE8h
   118  000000                     fsr0l	EQU	0FE9h
   119  000000                     fsr0h	EQU	0FEAh
   120  000000                     fsr1l	EQU	0FE1h
   121  000000                     fsr1h	EQU	0FE2h
   122  000000                     fsr2l	EQU	0FD9h
   123  000000                     fsr2h	EQU	0FDAh
   124  000000                     postinc0	EQU	0FEEh
   125  000000                     postdec0	EQU	0FEDh
   126  000000                     postinc1	EQU	0FE6h
   127  000000                     postdec1	EQU	0FE5h
   128  000000                     postinc2	EQU	0FDEh
   129  000000                     postdec2	EQU	0FDDh
   130  000000                     tblptrl	EQU	0FF6h
   131  000000                     tblptrh	EQU	0FF7h
   132  000000                     tblptru	EQU	0FF8h
   133  000000                     tablat		EQU	0FF5h
   134                           
   135                           	GLOBAL __accesstop
   136  000000                     __accesstop EQU 128
   137                           	PSECT	ramtop,class=RAM
   138                           	GLOBAL	__S1			; top of RAM usage
   139                           	GLOBAL	__ramtop
   140                           	GLOBAL	__LRAM,__HRAM
   141  000600                     __ramtop:
   142                           
   143                           	PSECT	reset_vec
   144  000000                     reset_pos:
   145                           
   146                           	PSECT	init
   147  000000                     start:
   148  000000                     _exit:
   149  000000  FFFF               	dw 0xffff	; NOP required for 4000/FETCH errata 
                                 workaround
   150                           ; fardata psect  - 0 bytes to load
   151                           
   152                           ; farbss psect  - 0 bytes to clear
   153                           
   154                           ; bigdata psect - 0 bytes to load
   155                           
   156  000002  F000               	nop	; NOP for reset vector (precedes GOTO instr
                                 uction)
   157  000004  EFD7  F01F         	goto	_main		;go do the main stuff


HI-TECH Software PICC-18 Macro Assembler V9.65 build 7190 
Symbol Table                                           Sun May 20 18:53:16 2012

                      __S1 0500                       _main 3FAE  
                     _exit 0000                       start 0000  
                    __HRAM 0000                      __LRAM 0001  
               __accesstop 000080                    __ramtop 0600  
                 intlevel0 0008                   intlevel1 0008  
                 intlevel2 0008                   intlevel3 0008  
                 reset_pos 0000  
